[www.sympulsefest.com/index.html]
[www.sympulsefest.com/img/team/favicon.png]
[backblue.gif]
[fade.gif]
[index.html]
[www.sympulsefest.com/img/Fee payment SCMS Web.png]
[www.sympulsefest.com/sponsors/index.html]
[www.sympulsefest.com/img/Sundowner.png]
[www.sympulsefest.com/symulate/index.html]
[www.sympulsefest.com/simunc/index.html]
[www.sympulsefest.com/img/portfolio/Headline 6.jpg]
[www.sympulsefest.com/ananya/index.html]
[www.sympulsefest.com/img/portfolio/SIMUNC.jpg]
[www.sympulsefest.com/img/portfolio/Sprint 1.jpg]
[www.sympulsefest.com/headline/index.html]
[www.sympulsefest.com/img/portfolio/Symulate 1.jpg]
[www.sympulsefest.com/img/portfolio/Headlines 1.jpg]
[www.sympulsefest.com/sprint/index.html]
[www.sympulsefest.com/img/portfolio/Ananya 2.jpg]
[www.sympulsefest.com/img/portfolio/SIMUNC 2.jpg]
[www.sympulsefest.com/img/portfolio/Ananya 3.jpg]
[www.sympulsefest.com/img/portfolio/Ananya 4.jpg]
[www.sympulsefest.com/img/portfolio/Ananya 5.jpg]
[www.sympulsefest.com/img/portfolio/Headlines 6.jpg]
[www.sympulsefest.com/img/portfolio/SIMUNC 3.jpg]
[www.sympulsefest.com/img/portfolio/SIMUNC 4.jpg]
[www.sympulsefest.com/img/portfolio/Symulate 2.jpg]
[www.sympulsefest.com/img/portfolio/Symulate 3.jpg]
[www.sympulsefest.com/img/portfolio/Symulate 4.jpg]
[www.sympulsefest.com/img/portfolio/Sprint 2.jpg]
[www.sympulsefest.com/img/portfolio/Sprint 3.jpg]
[www.sympulsefest.com/img/portfolio/Sprint 4.jpg]
[www.sympulsefest.com/img/portfolio/Headlines 2.jpg]
[www.sympulsefest.com/js/vendor/jquery-2.1.3.min.js]
[www.sympulsefest.com/js/smoothscroll.js]
[www.sympulsefest.com/js/plagins.js]
[www.sympulsefest.com/js/owl.carousel.min.js]
[www.sympulsefest.com/js/isotope.pkgd.min.js]
[www.sympulsefest.com/js/gmap3.min.js]
[www.sympulsefest.com/js/jquery.magnific-popup.min.js]
[www.sympulsefest.com/js/jquery.fitvids.js]
[www.sympulsefest.com/js/main.js]
[www.sympulsefest.com/js/jquery.ajaxchimp.min.js]
[www.sympulsefest.com/js/contact-form.js]
[www.sympulsefest.com/js/style.changer.js]
[www.sympulsefest.com/js/jquery.particleground.min.js]
[www.sympulsefest.com/index.html]
[www.googletagmanager.com/gtm5445.html]
[www.sympulsefest.com/css/bootstrap.min.css]
[www.sympulsefest.com/css/style.css]
[www.sympulsefest.com/css/animate.css]
[www.sympulsefest.com/fonts/et-line.eot]
[www.sympulsefest.com/fonts/et-line.woff]
[www.sympulsefest.com/fonts/et-line.ttf]
[www.sympulsefest.com/css/et-line.css]
[www.sympulsefest.com/fonts/et-lined41d.eot]
[www.sympulsefest.com/fonts/fontawesome-webfonte0a5.eot]
[www.sympulsefest.com/fonts/fontawesome-webfontd41d.eot]
[www.sympulsefest.com/fonts/fontawesome-webfonte0a5.woff2]
[www.sympulsefest.com/fonts/fontawesome-webfonte0a5.woff]
[www.sympulsefest.com/fonts/fontawesome-webfonte0a5.ttf]
[www.sympulsefest.com/css/font-awesome.min.css]
[www.sympulsefest.com/css/grabbing.png]
[www.sympulsefest.com/css/owl.carousel.css]
[www.sympulsefest.com/css/magnific-popup.css]
[www.sympulsefest.com/css/vertical.min.css]
[www.sympulsefest.com/css/style.changer.css]
[www.sympulsefest.com/css/theme/theme-red-2.css]
[www.sympulsefest.com/sponsors/index_files/Sponsors_19/pokerbaazi.png]
[www.sympulsefest.com/sponsors/index_files/Sponsors_19/plunge.png]
[www.sympulsefest.com/sponsors/index_files/Sponsors_19/vhr.png]
[www.sympulsefest.com/sponsors/index_files/Sponsors_19/pvr.png]
[www.sympulsefest.com/sponsors/index_files/Sponsors_19/tinder.png]
[www.sympulsefest.com/sponsors/index_files/Sponsors_19/asus.png]
[www.sympulsefest.com/sponsors/index_files/Sponsors_19/jam.png]
[www.sympulsefest.com/sponsors/index_files/Sponsors_19/max.png]
[www.sympulsefest.com/sponsors/index_files/Sponsors_19/95fm.png]
[www.sympulsefest.com/sponsors/index_files/Sponsors_19/sakal.png]
[www.sympulsefest.com/sponsors/index_files/Sponsors_19/pinnacle1.png]
[www.sympulsefest.com/sponsors/index_files/Sponsors_19/lushh.png]
[www.sympulsefest.com/sponsors/index_files/Sponsors_19/asend.png]
[www.sympulsefest.com/sponsors/index_files/Sponsors_19/paytm.png]
[www.sympulsefest.com/sponsors/index_files/Sponsors_19/blunt.png]
[www.sympulsefest.com/sponsors/index_files/Sponsors_19/rivulas.png]
[www.sympulsefest.com/sponsors/index_files/Sponsors_19/grapevine.png]
[www.sympulsefest.com/sponsors/index_files/Sponsors_19/imagica.png]
[www.sympulsefest.com/sponsors/index_files/Sponsors_19/fitato.png]
[www.sympulsefest.com/sponsors/index_files/Sponsors_19/uber.png]
[www.sympulsefest.com/sponsors/index_files/Sponsors_19/cha.png]
[www.sympulsefest.com/sponsors/index_files/Sponsors_19/zooper.png]
[www.sympulsefest.com/sponsors/index_files/Sponsors_19/monster.png]
[www.sympulsefest.com/sponsors/index_files/Sponsors_19/dunzo.png]
[www.sympulsefest.com/sponsors/index_files/Sponsors_19/swiggy.png]
[www.sympulsefest.com/sponsors/index_files/Sponsors_19/rio.png]
[www.sympulsefest.com/sponsors/index_files/Sponsors_19/radission.png]
[www.sympulsefest.com/sponsors/index_files/Sponsors_19/reel.png]
[www.sympulsefest.com/sponsors/index_files/Sponsors_19/soundabode.png]
[www.sympulsefest.com/sponsors/index_files/Sponsors_19/happy.png]
[www.sympulsefest.com/sponsors/index_files/Sponsors_19/campustime.png]
[www.sympulsefest.com/sponsors/index_files/Sponsors_19/evincera.png]
[www.sympulsefest.com/sponsors/index_files/Sponsors_19/evo.png]
[www.sympulsefest.com/sponsors/index_files/Sponsors_19/shiamak.png]
[www.sympulsefest.com/sponsors/index_files/Sponsors_19/carok.png]
[www.sympulsefest.com/sponsors/index_files/Sponsors_19/food365.png]
[www.sympulsefest.com/sponsors/index_files/Sponsors_19/social.png]
[www.sympulsefest.com/sponsors/index_files/Sponsors_19/pinnacle.png]
[www.sympulsefest.com/sponsors/index_files/Sponsors_19/fila.png]
[www.sympulsefest.com/sponsors/index_files/Sponsors_19/marriott.jpg]
[www.sympulsefest.com/sponsors/index.html]
[www.sympulsefest.com/symulate/js/lib/modernizr.js]
[www.sympulsefest.com/symulate/index.html]
[www.sympulsefest.com/simunc/img/team/favicon.png]
[www.sympulsefest.com/simunc/img/clients/Devansh.jpg]
[www.sympulsefest.com/simunc/img/clients/Vishal Shivakumar.png]
[www.sympulsefest.com/simunc/img/portfolio/TGC.png]
[www.sympulsefest.com/simunc/img/portfolio/UNSC.png]
[www.sympulsefest.com/simunc/img/portfolio/TMM.png]
[www.sympulsefest.com/simunc/img/portfolio/DISEC.png]
[www.sympulsefest.com/simunc/img/clients/2.png]
[www.sympulsefest.com/simunc/img/clients/3.png]
[www.sympulsefest.com/simunc/img/clients/4.png]
[www.sympulsefest.com/simunc/img/clients/5.png]
[www.sympulsefest.com/simunc/img/clients/7.png]
[www.sympulsefest.com/simunc/img/clients/8.png]
[www.sympulsefest.com/simunc/img/clients/9.png]
[www.sympulsefest.com/simunc/img/clients/10.png]
[www.sympulsefest.com/simunc/img/portfolio/1.jpg]
[www.sympulsefest.com/simunc/img/portfolio/2.jpg]
[www.sympulsefest.com/simunc/img/portfolio/3.jpg]
[www.sympulsefest.com/simunc/img/portfolio/4.jpg]
[www.sympulsefest.com/simunc/img/portfolio/5.jpg]
[www.sympulsefest.com/simunc/img/portfolio/SIMUNC.jpg]
[www.sympulsefest.com/simunc/img/portfolio/6.jpg]
[www.sympulsefest.com/simunc/img/portfolio/7.jpg]
[www.sympulsefest.com/simunc/img/portfolio/8.jpg]
[www.sympulsefest.com/simunc/js/vendor/jquery-2.1.3.min.js]
[www.sympulsefest.com/simunc/js/smoothscroll.js]
[www.sympulsefest.com/simunc/js/plagins.js]
[www.sympulsefest.com/simunc/js/owl.carousel.min.js]
[www.sympulsefest.com/simunc/js/isotope.pkgd.min.js]
[www.sympulsefest.com/simunc/js/gmap3.min.js]
[www.sympulsefest.com/simunc/js/jquery.magnific-popup.min.js]
[www.sympulsefest.com/simunc/js/jquery.fitvids.js]
[www.sympulsefest.com/simunc/js/main.js]
[www.sympulsefest.com/simunc/js/jquery.ajaxchimp.min.js]
[www.sympulsefest.com/simunc/js/contact-form.js]
[www.sympulsefest.com/simunc/js/style.changer.js]
[www.sympulsefest.com/simunc/js/jquery.particleground.min.js]
[www.sympulsefest.com/simunc/index.html]
[www.sympulsefest.com/ananya/js/lib/modernizr.js]
[www.sympulsefest.com/ananya/index.html]
[www.sympulsefest.com/headline/js/lib/modernizr.js]
[www.sympulsefest.com/headline/index.html]
[www.sympulsefest.com/sprint/js/lib/modernizr.js]
[www.sympulsefest.com/sprint/index.html]
[www.sympulsefest.com/fonts/et-line.svg]
[www.sympulsefest.com/fonts/fontawesome-webfonte0a5.svg]
[www.sympulsefest.com/sponsors/index_files/style.css]
[www.sympulsefest.com/simunc/css/bootstrap.min.css]
[www.sympulsefest.com/simunc/css/style.css]
[www.sympulsefest.com/simunc/css/animate.css]
[www.sympulsefest.com/simunc/fonts/et-line.eot]
[www.sympulsefest.com/simunc/fonts/et-line.woff]
[www.sympulsefest.com/simunc/fonts/et-lined41d.eot]
[www.sympulsefest.com/simunc/fonts/et-line.ttf]
[www.sympulsefest.com/simunc/css/et-line.css]
[www.sympulsefest.com/simunc/fonts/fontawesome-webfonte0a5.eot]
[www.sympulsefest.com/simunc/fonts/fontawesome-webfontd41d.eot]
[www.sympulsefest.com/simunc/fonts/fontawesome-webfonte0a5.woff2]
[www.sympulsefest.com/simunc/fonts/fontawesome-webfonte0a5.woff]
[www.sympulsefest.com/simunc/fonts/fontawesome-webfonte0a5.ttf]
[www.sympulsefest.com/simunc/css/font-awesome.min.css]
[www.sympulsefest.com/simunc/css/grabbing.png]
[www.sympulsefest.com/simunc/css/owl.carousel.css]
[www.sympulsefest.com/simunc/css/magnific-popup.css]
[www.sympulsefest.com/simunc/css/vertical.min.css]
[www.sympulsefest.com/simunc/css/style.changer.css]
[www.sympulsefest.com/simunc/css/theme/theme-red-2.css]
[www.sympulsefest.com/simunc/fonts/et-line.svg]
[www.sympulsefest.com/simunc/fonts/fontawesome-webfonte0a5.svg]
